23/05/22 10:38:55 AM Monday - <module> - INFO : App lunched successfully
23/05/22 10:38:56 AM Monday - Baseclass - INFO : Clicked on Element found with locatortype: idand the locator value is :com.code2lead.kwad:id/ContactUs
23/05/22 10:38:57 AM Monday - Baseclass - INFO : element with locatortype: textand the locator value :Contact Us formis displayed
23/05/22 10:38:58 AM Monday - Baseclass - INFO : Send text to Element found with locatortype: textand the locator value is :Enter Name
23/05/22 10:38:59 AM Monday - Baseclass - INFO : Send text to Element found with locatortype: textand the locator value is :Enter Email
23/05/22 10:39:01 AM Monday - Baseclass - INFO : Send text to Element found with locatortype: textand the locator value is :Enter Address
23/05/22 10:39:02 AM Monday - Baseclass - INFO : Send text to Element found with locatortype: textand the locator value is :Enter Mobile No
23/05/22 10:39:03 AM Monday - Baseclass - INFO : Clicked on Element found with locatortype: textand the locator value is :SUBMIT
24/05/22 10:24:24 AM Tuesday - Baseclass - INFO : Clicked on Element found with locatortype: idand the locator value is :com.code2lead.kwad:id/ContactUs
24/05/22 10:24:26 AM Tuesday - Baseclass - INFO : element with locatortype: textand the locator value :Contact Us formis displayed
24/05/22 10:24:27 AM Tuesday - Baseclass - INFO : Send text to Element found with locatortype: textand the locator value is :Enter Name
24/05/22 10:24:28 AM Tuesday - Baseclass - INFO : Send text to Element found with locatortype: textand the locator value is :Enter Email
24/05/22 10:24:29 AM Tuesday - Baseclass - INFO : Send text to Element found with locatortype: textand the locator value is :Enter Address
24/05/22 10:24:31 AM Tuesday - Baseclass - INFO : Send text to Element found with locatortype: textand the locator value is :Enter Mobile No
24/05/22 10:24:31 AM Tuesday - Baseclass - INFO : Clicked on Element found with locatortype: textand the locator value is :SUBMIT
24/05/22 10:27:16 AM Tuesday - Baseclass - INFO : Clicked on Element found with locatortype: idand the locator value is :com.code2lead.kwad:id/ContactUs
24/05/22 10:27:17 AM Tuesday - Baseclass - INFO : element with locatortype: textand the locator value :Contact Us formis displayed
24/05/22 10:27:18 AM Tuesday - Baseclass - INFO : Send text to Element found with locatortype: textand the locator value is :Enter Name
24/05/22 10:27:20 AM Tuesday - Baseclass - INFO : Send text to Element found with locatortype: textand the locator value is :Enter Email
24/05/22 10:27:21 AM Tuesday - Baseclass - INFO : Send text to Element found with locatortype: textand the locator value is :Enter Address
24/05/22 10:27:22 AM Tuesday - Baseclass - INFO : Send text to Element found with locatortype: textand the locator value is :Enter Mobile No
24/05/22 10:27:23 AM Tuesday - Baseclass - INFO : Clicked on Element found with locatortype: textand the locator value is :SUBMIT
24/05/22 10:29:25 AM Tuesday - Baseclass - INFO : Clicked on Element found with locatortype: idand the locator value is :com.code2lead.kwad:id/ContactUs
24/05/22 10:29:27 AM Tuesday - Baseclass - INFO : element with locatortype: textand the locator value :Contact Us formis displayed
24/05/22 10:29:28 AM Tuesday - Baseclass - INFO : Send text to Element found with locatortype: textand the locator value is :Enter Name
24/05/22 10:29:29 AM Tuesday - Baseclass - INFO : Send text to Element found with locatortype: textand the locator value is :Enter Email
24/05/22 10:29:30 AM Tuesday - Baseclass - INFO : Send text to Element found with locatortype: textand the locator value is :Enter Address
24/05/22 10:29:32 AM Tuesday - Baseclass - INFO : Send text to Element found with locatortype: textand the locator value is :Enter Mobile No
24/05/22 10:29:32 AM Tuesday - Baseclass - INFO : Clicked on Element found with locatortype: textand the locator value is :SUBMIT
24/05/22 10:33:37 AM Tuesday - Baseclass - INFO : Clicked on Element found with locatortype: idand the locator value is :com.code2lead.kwad:id/ContactUs
24/05/22 10:33:39 AM Tuesday - Baseclass - INFO : element with locatortype: textand the locator value :Contact Us formis displayed
24/05/22 10:33:40 AM Tuesday - Baseclass - INFO : Send text to Element found with locatortype: textand the locator value is :Enter Name
24/05/22 10:33:41 AM Tuesday - Baseclass - INFO : Send text to Element found with locatortype: textand the locator value is :Enter Email
24/05/22 10:33:42 AM Tuesday - Baseclass - INFO : Send text to Element found with locatortype: textand the locator value is :Enter Address
24/05/22 10:33:44 AM Tuesday - Baseclass - INFO : Send text to Element found with locatortype: textand the locator value is :Enter Mobile No
24/05/22 10:33:44 AM Tuesday - Baseclass - INFO : Clicked on Element found with locatortype: textand the locator value is :SUBMIT
24/05/22 10:34:23 AM Tuesday - Baseclass - INFO : Clicked on Element found with locatortype: idand the locator value is :com.code2lead.kwad:id/ContactUs
24/05/22 10:34:24 AM Tuesday - Baseclass - INFO : element with locatortype: textand the locator value :Contact Us formis displayed
24/05/22 10:34:25 AM Tuesday - Baseclass - INFO : Send text to Element found with locatortype: textand the locator value is :Enter Name
24/05/22 10:34:27 AM Tuesday - Baseclass - INFO : Send text to Element found with locatortype: textand the locator value is :Enter Email
24/05/22 10:34:28 AM Tuesday - Baseclass - INFO : Send text to Element found with locatortype: textand the locator value is :Enter Address
24/05/22 10:34:29 AM Tuesday - Baseclass - INFO : Send text to Element found with locatortype: textand the locator value is :Enter Mobile No
24/05/22 10:34:30 AM Tuesday - Baseclass - INFO : Clicked on Element found with locatortype: textand the locator value is :SUBMIT
